SF:lib\features\get_number_trivia\data\data_sources\local_number_trivia_data_source.dart
DA:18,1
DA:21,1
DA:22,2
DA:24,1
DA:25,1
DA:28,1
DA:32,0
DA:35,0
LF:8
LH:6
end_of_record
SF:lib\features\get_number_trivia\data\models\number_trivia_model.g.dart
DA:9,1
DA:10,1
DA:11,1
DA:12,1
DA:13,1
DA:14,1
DA:17,0
DA:18,0
DA:19,0
DA:20,0
DA:21,0
DA:22,0
LF:12
LH:6
end_of_record
SF:lib\features\get_number_trivia\data\models\number_trivia_model.dart
DA:8,2
DA:20,1
DA:21,1
DA:23,0
DA:25,1
DA:26,3
LF:6
LH:5
end_of_record
